<?xml version="1.0" encoding="UTF-8"?>
<!-- Generated by org.testng.reporters.JUnitXMLReporter -->
<testsuite ignored="1" hostname="JAY-PC" failures="0" tests="1" name="Default test" time="0.083" errors="0" timestamp="13 May 2023 04:06:30 GMT">
  <testcase classname="com.AutomationMaven.task.CreateCustomerTest" name="ModifyCustomer" time="0.024"/>
  <testcase classname="com.AutomationMaven.task.CreateCustomerTest" name="CreateCustomer" time="0.0">
    <ignored/>
  </testcase> <!-- CreateCustomer -->
</testsuite> <!-- Default test -->
