<?xml version="1.0" encoding="UTF-8"?>
<testng-results ignored="1" total="2" passed="1" failed="0" skipped="0">
  <reporter-output>
    <line>
      <![CDATA[Modify Customer]]>
    </line>
  </reporter-output>
  <suite started-at="2023-05-13T04:06:30Z" name="Default suite" finished-at="2023-05-13T04:06:30Z" duration-ms="83">
    <groups>
    </groups>
    <test started-at="2023-05-13T04:06:30Z" name="Default test" finished-at="2023-05-13T04:06:30Z" duration-ms="83">
      <class name="com.AutomationMaven.task.CreateCustomerTest">
        <test-method signature="ModifyCustomer()[pri:0, instance:com.AutomationMaven.task.CreateCustomerTest@1530c739]" started-at="2023-05-13T04:06:30Z" name="ModifyCustomer" finished-at="2023-05-13T04:06:30Z" duration-ms="24" status="PASS">
          <reporter-output>
            <line>
              <![CDATA[Modify Customer]]>
            </line>
          </reporter-output>
        </test-method> <!-- ModifyCustomer -->
      </class> <!-- com.AutomationMaven.task.CreateCustomerTest -->
    </test> <!-- Default test -->
  </suite> <!-- Default suite -->
</testng-results>
